<?xml version="1.0" encoding="UTF-8"?>
<!-- Generated by org.testng.reporters.JUnitXMLReporter -->
<testsuite ignored="0" hostname="LTIN276086" failures="1" tests="10" name="Test" time="94.84" errors="0" timestamp="2022-03-25T15:58:14 IST">
  <testcase classname="com.page.object.model.LoginPageTestClass" name="checkUserIsOnOrangeHRM" time="18.922"/>
  <testcase classname="com.page.object.model.LoginPageTestClass" name="checkUserNameInputIsDisplayed" time="0.024"/>
  <testcase classname="com.page.object.model.LoginPageTestClass" name="checkUserNameInputIsClickable" time="0.28"/>
  <testcase classname="com.page.object.model.LoginPageTestClass" name="checkUserNameInputIsWritable" time="0.233"/>
  <testcase classname="com.page.object.model.LoginPageTestClass" name="checkUserPasswordInputIsDisplayed" time="0.27"/>
  <testcase classname="com.page.object.model.LoginPageTestClass" name="checkUserPasswordInputIsClickable" time="0.212"/>
  <testcase classname="com.page.object.model.LoginPageTestClass" name="checkUserPasswordInputIsWritable" time="0.16"/>
  <testcase classname="com.page.object.model.LoginPageTestClass" name="checkLoginBtnIsDisplayed" time="0.153"/>
  <testcase classname="com.page.object.model.LoginPageTestClass" name="checkLoginBtnIsClickable" time="1.802"/>
  <testcase classname="com.page.object.model.HomePageTestClass" name="checkUserLogin" time="72.463">
    <failure type="org.openqa.selenium.NoSuchElementException" message="Unable to find element with locator By.id: welcome
For documentation on this error, please visit: https://selenium.dev/exceptions/#no_such_element
Build info: version: &amp;apos;4.0.0&amp;apos;, revision: &amp;apos;3a21814679&amp;apos;
System info: host: &amp;apos;LTIN276086&amp;apos;, ip: &amp;apos;192.168.1.6&amp;apos;, os.name: &amp;apos;Windows 10&amp;apos;, os.arch: &amp;apos;amd64&amp;apos;, os.version: &amp;apos;10.0&amp;apos;, java.version: &amp;apos;17.0.1&amp;apos;
Driver info: driver.version: RemoteWebDriver">
      <![CDATA[org.openqa.selenium.NoSuchElementException: Unable to find element with locator By.id: welcome
For documentation on this error, please visit: https://selenium.dev/exceptions/#no_such_element
Build info: version: '4.0.0', revision: '3a21814679'
System info: host: 'LTIN276086', ip: '192.168.1.6', os.name: 'Windows 10', os.arch: 'amd64', os.version: '10.0', java.version: '17.0.1'
Driver info: driver.version: RemoteWebDriver
at org.openqa.selenium.remote.ElementLocation$ElementFinder$2.findElement(ElementLocation.java:165)
at org.openqa.selenium.remote.ElementLocation.findElement(ElementLocation.java:60)
at org.openqa.selenium.remote.RemoteWebDriver.findElement(RemoteWebDriver.java:383)
at org.openqa.selenium.remote.RemoteWebDriver.findElement(RemoteWebDriver.java:375)
at org.openqa.selenium.support.pagefactory.DefaultElementLocator.findElement(DefaultElementLocator.java:70)
at org.openqa.selenium.support.pagefactory.internal.LocatingElementHandler.invoke(LocatingElementHandler.java:39)
at jdk.proxy2/jdk.proxy2.$Proxy14.getText(Unknown Source)
at com.page.object.pages.HomePageClass.getuserName(HomePageClass.java:19)
at com.page.object.model.HomePageTestClass.checkUserLogin(HomePageTestClass.java:12)
at java.base/java.util.ArrayList.forEach(ArrayList.java:1511)
... Removed 27 stack frames]]>
    </failure>
  </testcase> <!-- checkUserLogin -->
</testsuite> <!-- Test -->
